\BOOKMARK [1][-]{section.1}{\376\377\137\025\212\000}{}% 1
\BOOKMARK [1][-]{section.2}{\376\377\145\207\163\056\176\374\217\360}{}% 2
\BOOKMARK [2][-]{subsection.2.1}{\376\377\232\330\230\221\136\002\127\072\162\266\140\001\060\001\155\101\122\250\140\047\123\213\122\233\116\016\135\362\133\236\163\260\155\113\136\246}{section.2}% 3
\BOOKMARK [2][-]{subsection.2.2}{\376\377\122\250\140\001\230\316\226\151\136\246\221\317\060\001\000R\000G\000A\000R\000C\000H\000-\000C\000A\000R\000R\000-\000S\000K\000\040\116\016\000\040\000Q\000V\000A\000R\000\040\134\076\220\350\117\040\133\374}{section.2}% 4
\BOOKMARK [2][-]{subsection.2.3}{\376\377\147\072\126\150\133\146\116\140\221\321\207\215\230\204\213\146\060\001\000S\000M\000A\000R\000T\000B\000o\000o\000s\000t\000\040\116\016\147\054\145\207\217\271\226\105\215\041\163\056}{section.2}% 5
\BOOKMARK [1][-]{section.3}{\376\377\170\024\172\166\213\276\213\241\116\016\145\271\154\325}{}% 6
\BOOKMARK [2][-]{subsection.3.1}{\376\377\140\073\117\123\170\024\172\166\150\106\147\266}{section.3}% 7
\BOOKMARK [2][-]{subsection.3.2}{\376\377\000L\000S\000I\000\040\143\007\145\160\116\016\147\052\147\145\123\213\122\233\150\007\173\176}{section.3}% 8
\BOOKMARK [2][-]{subsection.3.3}{\376\377\000R\000G\000A\000R\000C\000H\000-\000C\000A\000R\000R\000-\000S\000K\000\040\122\250\140\001\123\213\122\233\230\316\226\151\152\041\127\213}{section.3}% 9
\BOOKMARK [2][-]{subsection.3.4}{\376\377\000Q\000V\000A\000R\000\040\134\076\220\350\122\006\117\115\117\040\133\374\152\041\127\213}{section.3}% 10
\BOOKMARK [2][-]{subsection.3.5}{\376\377\000S\000M\000A\000R\000T\000B\000o\000o\000s\000t\000\040\150\067\147\054\131\026\230\204\213\146\152\041\127\213}{section.3}% 11
\BOOKMARK [2][-]{subsection.3.6}{\376\377\150\067\147\054\122\007\122\006\060\001\213\304\116\367\143\007\150\007\116\016\145\366\225\364\217\271\165\114\176\246\147\137}{section.3}% 12
\BOOKMARK [1][-]{section.4}{\376\377\145\160\143\156\147\145\156\220\060\001\123\330\221\317\147\204\220\040\116\016\143\317\217\360\140\047\116\213\133\236}{}% 13
\BOOKMARK [2][-]{subsection.4.1}{\376\377\145\160\143\156\147\145\156\220\116\016\150\067\147\054\217\271\165\114}{section.4}% 14
\BOOKMARK [2][-]{subsection.4.2}{\376\377\150\070\137\303\123\330\221\317\133\232\116\111}{section.4}% 15
\BOOKMARK [2][-]{subsection.4.3}{\376\377\150\067\147\054\211\206\166\326\116\016\145\160\143\156\215\050\221\317}{section.4}% 16
\BOOKMARK [2][-]{subsection.4.4}{\376\377\000L\000S\000I\000\040\145\345\121\205\152\041\137\017}{section.4}% 17
\BOOKMARK [2][-]{subsection.4.5}{\376\377\000M\000a\000r\000k\000e\000t\000L\000S\000I\000\040\116\016\123\213\122\233\116\213\116\366\163\207}{section.4}% 18
\BOOKMARK [1][-]{section.5}{\376\377\133\236\213\301\176\323\147\234\122\006\147\220}{}% 19
\BOOKMARK [2][-]{subsection.5.1}{\376\377\000R\000G\000A\000R\000C\000H\000-\000C\000A\000R\000R\000-\000S\000K\000\040\122\250\140\001\123\213\122\233\230\316\226\151\176\323\147\234}{section.5}% 20
\BOOKMARK [2][-]{subsection.5.2}{\376\377\000Q\000V\000A\000R\000\040\134\076\220\350\122\006\117\115\117\040\133\374\116\016\123\213\122\233\155\113\213\325}{section.5}% 21
\BOOKMARK [2][-]{subsection.5.3}{\376\377\000S\000M\000A\000R\000T\000B\000o\000o\000s\000t\000\040\150\067\147\054\131\026\230\204\213\146\176\323\147\234}{section.5}% 22
\BOOKMARK [2][-]{subsection.5.4}{\376\377\116\011\174\173\213\301\143\156\224\376\166\204\176\374\124\010\211\343\221\312}{section.5}% 23
\BOOKMARK [1][-]{section.6}{\376\377\172\063\120\145\140\047\150\300\232\214}{}% 24
\BOOKMARK [2][-]{subsection.6.1}{\376\377\150\007\173\176\226\010\120\074\172\063\120\145\140\047}{section.6}% 25
\BOOKMARK [2][-]{subsection.6.2}{\376\377\000R\000G\000A\000R\000C\000H\000\040\135\362\133\236\163\260\123\213\122\233\155\113\136\246\172\063\120\145\140\047}{section.6}% 26
\BOOKMARK [2][-]{subsection.6.3}{\376\377\000Q\000V\000A\000R\000\040\122\006\117\115\160\271\116\016\140\305\146\157\213\276\133\232\172\063\120\145\140\047}{section.6}% 27
\BOOKMARK [2][-]{subsection.6.4}{\376\377\000S\000M\000A\000R\000T\000B\000o\000o\000s\000t\000\040\162\171\137\201\176\304\116\016\000\040\000T\000o\000p\000-\000K\000\040\172\063\120\145\140\047}{section.6}% 28
\BOOKMARK [1][-]{section.7}{\376\377\176\323\213\272\116\016\134\100\226\120\140\047}{}% 29
\BOOKMARK [1][-]{appendix.A}{\376\377\226\104\137\125\126\376\210\150}{}% 30
\BOOKMARK [2][-]{subsection.A.1}{\376\377\143\317\217\360\140\047\213\312\145\255\210\145\121\105\126\376}{appendix.A}% 31
\BOOKMARK [2][-]{subsection.A.2}{\376\377\152\041\127\213\213\312\145\255\210\145\121\105\126\376}{appendix.A}% 32
